2024-10-25 20:16:52,211 INFO com.tn.Demo55AllApplication [restartedMain] Starting Demo55AllApplication using Java 17.0.12 with PID 15216 (D:\bkacad\bka1\new\Demo55_All\target\classes started by Admin in D:\bkacad\bka1\new\Demo55_All)
2024-10-25 20:16:52,227 DEBUG com.tn.Demo55AllApplication [restartedMain] Running with Spring Boot v3.1.9, Spring v6.0.17
2024-10-25 20:16:52,227 INFO com.tn.Demo55AllApplication [restartedMain] The following 1 profile is active: "local"
2024-10-25 20:16:54,810 INFO org.apache.catalina.core.StandardService [restartedMain] Starting service [Tomcat]
2024-10-25 20:16:54,810 INFO org.apache.catalina.core.StandardEngine [restartedMain] Starting Servlet engine: [Apache Tomcat/10.1.19]
2024-10-25 20:16:54,888 INFO org.apache.catalina.core.ContainerBase.[Tomcat].[localhost].[/] [restartedMain] Initializing Spring embedded WebApplicationContext
2024-10-25 20:16:55,032 INFO org.hibernate.jpa.internal.util.LogHelper [restartedMain] HHH000204: Processing PersistenceUnitInfo [name: default]
2024-10-25 20:16:55,095 INFO org.hibernate.Version [restartedMain] HHH000412: Hibernate ORM core version 6.2.22.Final
2024-10-25 20:16:55,110 INFO org.hibernate.cfg.Environment [restartedMain] HHH000406: Using bytecode reflection optimizer
2024-10-25 20:16:55,370 INFO com.zaxxer.hikari.HikariDataSource [restartedMain] HikariPool-1 - Starting...
2024-10-25 20:16:55,540 INFO com.zaxxer.hikari.pool.HikariPool [restartedMain] HikariPool-1 - Added connection com.mysql.cj.jdbc.ConnectionImpl@b6853c0
2024-10-25 20:16:55,541 INFO com.zaxxer.hikari.HikariDataSource [restartedMain] HikariPool-1 - Start completed.
2024-10-25 20:16:55,572 WARN org.hibernate.dialect.Dialect [restartedMain] HHH000511: The 5.5.0 version for [org.hibernate.dialect.MySQLDialect] is no longer supported, hence certain features may not work properly. The minimum supported version is 5.7.0. Check the community dialects project for available legacy versions.
2024-10-25 20:16:57,213 INFO org.hibernate.engine.transaction.jta.platform.internal.JtaPlatformInitiator [restartedMain] HHH000489: No JTA platform available (set 'hibernate.transaction.jta.platform' to enable JTA platform integration)
2024-10-25 20:16:58,588 INFO com.tn.Demo55AllApplication [restartedMain] Started Demo55AllApplication in 7.203 seconds (process running for 9.465)
2024-10-25 20:18:21,340 INFO org.apache.catalina.core.ContainerBase.[Tomcat].[localhost].[/] [http-nio-8080-exec-1] Initializing Spring DispatcherServlet 'dispatcherServlet'
2024-10-25 20:19:19,557 INFO com.zaxxer.hikari.HikariDataSource [SpringApplicationShutdownHook] HikariPool-1 - Shutdown initiated...
2024-10-25 20:19:19,557 INFO com.zaxxer.hikari.HikariDataSource [SpringApplicationShutdownHook] HikariPool-1 - Shutdown completed.
2024-10-25 20:27:38,277 INFO com.tn.Demo55AllApplication [restartedMain] Starting Demo55AllApplication using Java 17.0.12 with PID 6480 (D:\bkacad\bka1\new\Demo55_All\target\classes started by Admin in D:\bkacad\bka1\new\Demo55_All)
2024-10-25 20:27:38,277 DEBUG com.tn.Demo55AllApplication [restartedMain] Running with Spring Boot v3.1.9, Spring v6.0.17
2024-10-25 20:27:38,277 INFO com.tn.Demo55AllApplication [restartedMain] The following 1 profile is active: "local"
2024-10-25 20:27:40,158 INFO org.apache.catalina.core.StandardService [restartedMain] Starting service [Tomcat]
2024-10-25 20:27:40,159 INFO org.apache.catalina.core.StandardEngine [restartedMain] Starting Servlet engine: [Apache Tomcat/10.1.19]
2024-10-25 20:27:40,225 INFO org.apache.catalina.core.ContainerBase.[Tomcat].[localhost].[/] [restartedMain] Initializing Spring embedded WebApplicationContext
2024-10-25 20:27:40,468 INFO org.hibernate.jpa.internal.util.LogHelper [restartedMain] HHH000204: Processing PersistenceUnitInfo [name: default]
2024-10-25 20:27:40,535 INFO org.hibernate.Version [restartedMain] HHH000412: Hibernate ORM core version 6.2.22.Final
2024-10-25 20:27:40,535 INFO org.hibernate.cfg.Environment [restartedMain] HHH000406: Using bytecode reflection optimizer
2024-10-25 20:27:40,928 INFO com.zaxxer.hikari.HikariDataSource [restartedMain] HikariPool-1 - Starting...
2024-10-25 20:27:41,115 INFO com.zaxxer.hikari.pool.HikariPool [restartedMain] HikariPool-1 - Added connection com.mysql.cj.jdbc.ConnectionImpl@6a4929fa
2024-10-25 20:27:41,119 INFO com.zaxxer.hikari.HikariDataSource [restartedMain] HikariPool-1 - Start completed.
2024-10-25 20:27:41,174 WARN org.hibernate.dialect.Dialect [restartedMain] HHH000511: The 5.5.0 version for [org.hibernate.dialect.MySQLDialect] is no longer supported, hence certain features may not work properly. The minimum supported version is 5.7.0. Check the community dialects project for available legacy versions.
2024-10-25 20:27:42,084 INFO org.hibernate.engine.transaction.jta.platform.internal.JtaPlatformInitiator [restartedMain] HHH000489: No JTA platform available (set 'hibernate.transaction.jta.platform' to enable JTA platform integration)
2024-10-25 20:27:43,398 INFO com.tn.Demo55AllApplication [restartedMain] Started Demo55AllApplication in 6.114 seconds (process running for 7.241)
2024-10-25 20:28:19,129 INFO org.apache.catalina.core.ContainerBase.[Tomcat].[localhost].[/] [http-nio-8080-exec-1] Initializing Spring DispatcherServlet 'dispatcherServlet'
2024-10-25 20:28:25,842 INFO com.zaxxer.hikari.HikariDataSource [SpringApplicationShutdownHook] HikariPool-1 - Shutdown initiated...
2024-10-25 20:28:25,866 INFO com.zaxxer.hikari.HikariDataSource [SpringApplicationShutdownHook] HikariPool-1 - Shutdown completed.
